{
  "stats": {
    "suites": 1,
    "tests": 3,
    "passes": 3,
    "pending": 0,
    "failures": 0,
    "start": "2023-09-07T07:55:08.694Z",
    "end": "2023-09-07T07:55:34.974Z",
    "duration": 26280,
    "testsRegistered": 3,
    "passPercent": 100,
    "pendingPercent": 0,
    "other": 0,
    "hasOther": false,
    "skipped": 0,
    "hasSkipped": false
  },
  "results": [
    {
      "uuid": "2e598626-d9f4-44e5-990c-a27a59922205",
      "title": "",
      "fullFile": "C:\\Users\\marko\\Desktop\\library-app\\frontend\\__tests__\\book.js",
      "file": "\\__tests__\\book.js",
      "beforeHooks": [],
      "afterHooks": [],
      "tests": [],
      "suites": [
        {
          "uuid": "8557f2c1-3362-4e46-b115-808bc5f821fc",
          "title": "Add book and dispay it on the page",
          "fullFile": "C:\\Users\\marko\\Desktop\\library-app\\frontend\\__tests__\\book.js",
          "file": "\\__tests__\\book.js",
          "beforeHooks": [],
          "afterHooks": [],
          "tests": [
            {
              "title": "should successfully add a book to the app",
              "fullTitle": "Add book and dispay it on the page should successfully add a book to the app",
              "timedOut": null,
              "duration": 15683,
              "state": "passed",
              "speed": "slow",
              "pass": true,
              "fail": false,
              "pending": false,
              "context": null,
              "code": "// launch the browser\nlet driver = await new Builder().forBrowser(\"firefox\").build();\n// navigate to the app location\nawait driver.get(\"http://localhost:3000/\");\n// add a book\nawait driver\n  .findElement(By.id(\"book-title-field\"))\n  .sendKeys(\"Romeo & Juliet\");\nawait driver\n  .findElement(By.id(\"book-author-field\"))\n  .sendKeys(\"William Shakespeare\");\nawait driver\n  .findElement(By.id(\"book-copies-field\"))\n  .sendKeys(\"3\", Key.RETURN);\n// close the browser\nawait driver.quit();",
              "err": {},
              "uuid": "54d0f351-df19-44e9-94e6-b13ff2e8be92",
              "parentUUID": null,
              "isHook": false,
              "skipped": false
            },
            {
              "title": "should check if the bookDetails card is valid",
              "fullTitle": "Add book and dispay it on the page should check if the bookDetails card is valid",
              "timedOut": null,
              "duration": 4869,
              "state": "passed",
              "speed": "slow",
              "pass": true,
              "fail": false,
              "pending": false,
              "context": null,
              "code": "// launch the browser\nlet driver = await new Builder().forBrowser(\"firefox\").build();\n// navigate to the app location\nawait driver.get(\"http://localhost:3000/\");\n// asertion\nlet bookTitle = await driver\n  .findElement(By.xpath(\"(//div[@class='book-details']/h4)\"))\n  .getText();\nlet bookAuthor = await driver\n  .findElement(By.xpath(\"(//div[@class='book-details']/p[1])\"))\n  .getText();\nlet bookCopies = await driver\n  .findElement(By.xpath(\"(//div[@class='book-details']/p[2])\"))\n  .getText();\nassert.strictEqual(bookTitle, \"ROMEO & JULIET\");\nassert.strictEqual(bookAuthor, \"Author: William Shakespeare\");\nassert.strictEqual(bookCopies, \"Copies: 3\");\n// close the browser\nawait driver.quit();",
              "err": {},
              "uuid": "387f5593-a7ec-476f-9356-393dbc858daf",
              "parentUUID": null,
              "isHook": false,
              "skipped": false
            },
            {
              "title": "should delete the book",
              "fullTitle": "Add book and dispay it on the page should delete the book",
              "timedOut": null,
              "duration": 5067,
              "state": "passed",
              "speed": "slow",
              "pass": true,
              "fail": false,
              "pending": false,
              "context": null,
              "code": "// launch the browser\nlet driver = await new Builder().forBrowser(\"firefox\").build();\n// navigate to the app location\nawait driver.get(\"http://localhost:3000/\");\n// delete\nconst deleteBook = await driver.findElement(\n  By.xpath(\"(//div[@class='book-details']/h4)\")\n);\nawait deleteBook.click();\n// close the browser\nawait driver.quit();",
              "err": {},
              "uuid": "072fa322-b193-4161-9f0f-9c689e1e2eaf",
              "parentUUID": null,
              "isHook": false,
              "skipped": false
            }
          ],
          "suites": [],
          "passes": [
            "54d0f351-df19-44e9-94e6-b13ff2e8be92",
            "387f5593-a7ec-476f-9356-393dbc858daf",
            "072fa322-b193-4161-9f0f-9c689e1e2eaf"
          ],
          "failures": [],
          "pending": [],
          "skipped": [],
          "duration": 25619,
          "root": false,
          "rootEmpty": false,
          "_timeout": null
        }
      ],
      "passes": [],
      "failures": [],
      "pending": [],
      "skipped": [],
      "duration": 0,
      "root": true,
      "rootEmpty": true,
      "_timeout": 0
    }
  ],
  "meta": {
    "mocha": {
      "version": "10.2.0"
    },
    "mochawesome": {
      "options": {
        "quiet": false,
        "reportFilename": "mochawesome",
        "saveHtml": true,
        "saveJson": true,
        "consoleReporter": "spec",
        "useInlineDiffs": false,
        "code": true
      },
      "version": "7.1.3"
    },
    "marge": {
      "options": null,
      "version": "6.2.0"
    }
  }
}